<?xml version="1.0" encoding="UTF-8"?>
<testsuite name="com.example.myjne.ExampleUnitTest" tests="1" skipped="0" failures="0" errors="0" timestamp="2024-12-19T04:36:44" hostname="KARIMAH" time="0.014">
  <properties/>
  <testcase name="addition_isCorrect" classname="com.example.myjne.ExampleUnitTest" time="0.014"/>
  <system-out><![CDATA[]]></system-out>
  <system-err><![CDATA[]]></system-err>
</testsuite>
